0 info it worked if it ends with ok
1 verbose cli [ '/usr/local/bin/node', '/usr/local/bin/npm', 'init' ]
2 info using npm@1.3.21
3 info using node@v0.11.12
4 silly package data undefined
5 info init written successfully
6 error Error: canceled
6 error     at Interface.<anonymous> (/usr/local/Cellar/node/0.10.24/lib/node_modules/npm/node_modules/read/lib/read.js:66:13)
6 error     at Interface.EventEmitter.emit (events.js:101:17)
6 error     at Interface._ttyWrite (readline.js:666:16)
6 error     at ReadStream.onkeypress (readline.js:101:10)
6 error     at ReadStream.EventEmitter.emit (events.js:107:17)
6 error     at emitKey (readline.js:1143:12)
6 error     at ReadStream.onData (readline.js:886:14)
6 error     at ReadStream.EventEmitter.emit (events.js:104:17)
6 error     at readableAddChunk (_stream_readable.js:156:16)
6 error     at ReadStream.Readable.push (_stream_readable.js:123:10)
7 error If you need help, you may report this *entire* log,
7 error including the npm and node versions, at:
7 error     <http://github.com/isaacs/npm/issues>
8 error System Darwin 14.0.0
9 error command "/usr/local/bin/node" "/usr/local/bin/npm" "init"
10 error cwd /Volumes/ODRIVE/Developer/Projects/buttons
11 error node -v v0.11.12
12 error npm -v 1.3.21
13 verbose exit [ 1, true ]
